8-6-2024 22:04:55 - log: Load engine in /Applications/Cocos/Creator/3.8.2/CocosCreator.app/Contents/Resources/resources/3d/engine
8-6-2024 22:04:56 - log: Profile changed: engine (modules.includeModules: 2d,animation,audio,base,dragon-bones,gfx-webgl,gfx-webgl2,intersection-2d,particle-2d,physics-2d-box2d,profiler,spine,tiled-map,tween,ui,video,webview)
8-6-2024 22:04:56 - log: Register native engine in /Applications/Cocos/Creator/3.8.2/CocosCreator.app/Contents/Resources/resources/3d/engine/native
8-6-2024 22:05:02 - log: [Scene] meshopt wasm decoder initialized
8-6-2024 22:05:02 - log: [Scene] [box2d]:box2d wasm lib loaded.
8-6-2024 22:05:03 - log: [Scene] [bullet]:bullet wasm lib loaded.
8-6-2024 22:05:03 - log: [Scene] [PHYSICS]: using builtin.
8-6-2024 22:05:03 - log: [Scene] Cocos Creator v3.8.2
8-6-2024 22:05:03 - info: [Scene] Forward render pipeline initialized.
8-6-2024 22:05:04 - log: [Scene] [PHYSICS2D]: switch from box2d-wasm to box2d.
8-6-2024 22:19:00 - error: [Scene] Can't add component 'cc.Graphics' to Background because it conflicts with the existing 'cc.Sprite' derived component.Error: Can't add component 'cc.Graphics' to Background because it conflicts with the existing 'cc.Sprite' derived component.
    at Node.eval [as _checkMultipleComp] (/Applications/Cocos/Creator/3.8.2/CocosCreator.app/Contents/Resources/resources/3d/engine/bin/.cache/dev/editor/bundled/index.js:48635:19)
    at Node.addComponent (/Applications/Cocos/Creator/3.8.2/CocosCreator.app/Contents/Resources/resources/3d/engine/bin/.cache/dev/editor/bundled/index.js:50575:18)
    at Mask._createGraphics (/Applications/Cocos/Creator/3.8.2/CocosCreator.app/Contents/Resources/resources/3d/engine/bin/.cache/dev/editor/bundled/index.js:113937:48)
    at Mask._changeRenderType (/Applications/Cocos/Creator/3.8.2/CocosCreator.app/Contents/Resources/resources/3d/engine/bin/.cache/dev/editor/bundled/index.js:113916:18)
    at Mask.onLoad (/Applications/Cocos/Creator/3.8.2/CocosCreator.app/Contents/Resources/resources/3d/engine/bin/.cache/dev/editor/bundled/index.js:113851:16)
    at callOnLoadInTryCatch (/Applications/Cocos/Creator/3.8.2/CocosCreator.app/Contents/Resources/resources/3d/engine/bin/.cache/dev/editor/bundled/index.js:48500:125)
    at NodeActivator.eval (/Applications/Cocos/Creator/3.8.2/CocosCreator.app/Contents/Resources/resources/3d/engine/bin/.cache/dev/editor/bundled/index.js:48545:19)
    at Node.addComponent (/Applications/Cocos/Creator/3.8.2/CocosCreator.app/Contents/Resources/resources/3d/engine/bin/.cache/dev/editor/bundled/index.js:50616:46)
    at NodeManager.createComponent (/Applications/Cocos/Creator/3.8.2/CocosCreator.app/Contents/Resources/app.asar/builtin/scene/dist/script/3d/manager/node/index.ccc:1:12104)
    at GeneralSceneFacade.createComponent (/Applications/Cocos/Creator/3.8.2/CocosCreator.app/Contents/Resources/app.asar/builtin/scene/dist/script/3d/facade/general-scene-facade.ccc:1:12487)
8-6-2024 22:19:00 - error: [Scene] Can't add component 'cc.Graphics' to Background because it conflicts with the existing 'cc.Sprite' derived component.Error: Can't add component 'cc.Graphics' to Background because it conflicts with the existing 'cc.Sprite' derived component.
    at Node.eval [as _checkMultipleComp] (/Applications/Cocos/Creator/3.8.2/CocosCreator.app/Contents/Resources/resources/3d/engine/bin/.cache/dev/editor/bundled/index.js:48635:19)
    at Node.addComponent (/Applications/Cocos/Creator/3.8.2/CocosCreator.app/Contents/Resources/resources/3d/engine/bin/.cache/dev/editor/bundled/index.js:50575:18)
    at Mask._createGraphics (/Applications/Cocos/Creator/3.8.2/CocosCreator.app/Contents/Resources/resources/3d/engine/bin/.cache/dev/editor/bundled/index.js:113937:48)
    at Mask._changeRenderType (/Applications/Cocos/Creator/3.8.2/CocosCreator.app/Contents/Resources/resources/3d/engine/bin/.cache/dev/editor/bundled/index.js:113916:18)
    at Mask.onEnable (/Applications/Cocos/Creator/3.8.2/CocosCreator.app/Contents/Resources/resources/3d/engine/bin/.cache/dev/editor/bundled/index.js:113859:16)
    at eval (eval at tryCatchFunctor_EDITOR (/Applications/Cocos/Creator/3.8.2/CocosCreator.app/Contents/Resources/resources/3d/engine/bin/.cache/dev/editor/bundled/index.js), <anonymous>:4:10)
    at ComponentScheduler.eval (/Applications/Cocos/Creator/3.8.2/CocosCreator.app/Contents/Resources/resources/3d/engine/bin/.cache/dev/editor/bundled/index.js:46643:19)
    at NodeActivator.eval (/Applications/Cocos/Creator/3.8.2/CocosCreator.app/Contents/Resources/resources/3d/engine/bin/.cache/dev/editor/bundled/index.js:48561:46)
    at Node.addComponent (/Applications/Cocos/Creator/3.8.2/CocosCreator.app/Contents/Resources/resources/3d/engine/bin/.cache/dev/editor/bundled/index.js:50616:46)
    at NodeManager.createComponent (/Applications/Cocos/Creator/3.8.2/CocosCreator.app/Contents/Resources/app.asar/builtin/scene/dist/script/3d/manager/node/index.ccc:1:12104)
8-6-2024 22:26:36 - error: [Window] panel.throttleUpdate is not a functionTypeError: panel.throttleUpdate is not a function
    at Object.set [as readyToUpdate] (/Applications/Cocos/Creator/3.8.2/CocosCreator.app/Contents/Resources/resources/3d/engine/editor/inspector/contributions/node.js:592:35)
    at Object.change-dump (/Applications/Cocos/Creator/3.8.2/CocosCreator.app/Contents/Resources/resources/3d/engine/editor/inspector/contributions/node.js:168:33)
8-6-2024 22:39:34 - warn: [Scene] Node [Label] is a prefab child of prefabInstance [MenuButton], it's not allowed to delete in current context, you can delete it in it's prefabAsset or         do it after unlink prefab from root nodeError: [Scene] Node [Label] is a prefab child of prefabInstance [MenuButton], it's not allowed to delete in current context, you can delete it in it's prefabAsset or         do it after unlink prefab from root node
    at PrefabManager.filterChildOfAssetOfPrefabInstance (/Applications/Cocos/Creator/3.8.2/CocosCreator.app/Contents/Resources/app.asar/builtin/scene/dist/script/3d/manager/prefab/index.ccc:1:3327)
    at PrefabManager.filterChildOfPrefabAssetWhenRemoveNode (/Applications/Cocos/Creator/3.8.2/CocosCreator.app/Contents/Resources/app.asar/builtin/scene/dist/script/3d/manager/prefab/index.ccc:1:4031)
    at GeneralSceneFacade.removeNode (/Applications/Cocos/Creator/3.8.2/CocosCreator.app/Contents/Resources/app.asar/builtin/scene/dist/script/3d/facade/general-scene-facade.ccc:1:11113)
    at SceneFacadeManager.removeNode (/Applications/Cocos/Creator/3.8.2/CocosCreator.app/Contents/Resources/app.asar/builtin/scene/dist/script/3d/facade/scene-facade-manager.ccc:1:12200)
    at step (/Applications/Cocos/Creator/3.8.2/CocosCreator.app/Contents/Resources/app.asar/builtin/scene/dist/script/3d/manager/ipc/web/ipc.ccc:1:748)
    at /Applications/Cocos/Creator/3.8.2/CocosCreator.app/Contents/Resources/app.asar/builtin/scene/dist/script/3d/manager/ipc/web/ipc.ccc:1:1617
    at new Promise (<anonymous>)
8-6-2024 22:41:17 - log: [Scene] meshopt wasm decoder initialized
8-6-2024 22:41:17 - log: [Scene] [box2d]:box2d wasm lib loaded.
8-6-2024 22:41:17 - log: [Scene] [bullet]:bullet wasm lib loaded.
8-6-2024 22:41:18 - log: [Scene] [PHYSICS]: using builtin.
8-6-2024 22:41:18 - log: [Scene] Cocos Creator v3.8.2
8-6-2024 22:41:18 - info: [Scene] Forward render pipeline initialized.
8-6-2024 22:41:18 - log: [Scene] [PHYSICS2D]: switch from box2d-wasm to box2d.
8-6-2024 22:43:45 - error: [Scene] component already addedError: [Scene] component already added
    at error (/Applications/Cocos/Creator/3.8.2/CocosCreator.app/Contents/Resources/resources/3d/engine/bin/.cache/dev/editor/bundled/index.js:160743:12)
    at ReusableInvoker.add (/Applications/Cocos/Creator/3.8.2/CocosCreator.app/Contents/Resources/resources/3d/engine/bin/.cache/dev/editor/bundled/index.js:46349:15)
    at ComponentScheduler._scheduleImmediate (/Applications/Cocos/Creator/3.8.2/CocosCreator.app/Contents/Resources/resources/3d/engine/bin/.cache/dev/editor/bundled/index.js:46618:32)
    at ComponentScheduler._onEnabled (/Applications/Cocos/Creator/3.8.2/CocosCreator.app/Contents/Resources/resources/3d/engine/bin/.cache/dev/editor/bundled/index.js:46483:18)
    at OneOffInvoker.eval [as _invoke] (/Applications/Cocos/Creator/3.8.2/CocosCreator.app/Contents/Resources/resources/3d/engine/bin/.cache/dev/editor/bundled/index.js:46411:29)
    at OneOffInvoker.invoke (/Applications/Cocos/Creator/3.8.2/CocosCreator.app/Contents/Resources/resources/3d/engine/bin/.cache/dev/editor/bundled/index.js:46333:18)
    at NodeActivator.activateNode (/Applications/Cocos/Creator/3.8.2/CocosCreator.app/Contents/Resources/resources/3d/engine/bin/.cache/dev/editor/bundled/index.js:48341:29)
8-6-2024 22:43:45 - error: [Scene] component already addedError: [Scene] component already added
    at error (/Applications/Cocos/Creator/3.8.2/CocosCreator.app/Contents/Resources/resources/3d/engine/bin/.cache/dev/editor/bundled/index.js:160743:12)
    at ReusableInvoker.add (/Applications/Cocos/Creator/3.8.2/CocosCreator.app/Contents/Resources/resources/3d/engine/bin/.cache/dev/editor/bundled/index.js:46349:15)
    at ComponentScheduler._scheduleImmediate (/Applications/Cocos/Creator/3.8.2/CocosCreator.app/Contents/Resources/resources/3d/engine/bin/.cache/dev/editor/bundled/index.js:46618:32)
    at ComponentScheduler._onEnabled (/Applications/Cocos/Creator/3.8.2/CocosCreator.app/Contents/Resources/resources/3d/engine/bin/.cache/dev/editor/bundled/index.js:46483:18)
    at OneOffInvoker.eval [as _invoke] (/Applications/Cocos/Creator/3.8.2/CocosCreator.app/Contents/Resources/resources/3d/engine/bin/.cache/dev/editor/bundled/index.js:46411:29)
    at OneOffInvoker.invoke (/Applications/Cocos/Creator/3.8.2/CocosCreator.app/Contents/Resources/resources/3d/engine/bin/.cache/dev/editor/bundled/index.js:46333:18)
    at NodeActivator.activateNode (/Applications/Cocos/Creator/3.8.2/CocosCreator.app/Contents/Resources/resources/3d/engine/bin/.cache/dev/editor/bundled/index.js:48341:29)
8-6-2024 22:43:45 - error: [Scene] component already addedError: [Scene] component already added
    at error (/Applications/Cocos/Creator/3.8.2/CocosCreator.app/Contents/Resources/resources/3d/engine/bin/.cache/dev/editor/bundled/index.js:160743:12)
    at ReusableInvoker.add (/Applications/Cocos/Creator/3.8.2/CocosCreator.app/Contents/Resources/resources/3d/engine/bin/.cache/dev/editor/bundled/index.js:46349:15)
    at ComponentScheduler._scheduleImmediate (/Applications/Cocos/Creator/3.8.2/CocosCreator.app/Contents/Resources/resources/3d/engine/bin/.cache/dev/editor/bundled/index.js:46618:32)
    at ComponentScheduler._onEnabled (/Applications/Cocos/Creator/3.8.2/CocosCreator.app/Contents/Resources/resources/3d/engine/bin/.cache/dev/editor/bundled/index.js:46483:18)
    at OneOffInvoker.eval [as _invoke] (/Applications/Cocos/Creator/3.8.2/CocosCreator.app/Contents/Resources/resources/3d/engine/bin/.cache/dev/editor/bundled/index.js:46411:29)
    at OneOffInvoker.invoke (/Applications/Cocos/Creator/3.8.2/CocosCreator.app/Contents/Resources/resources/3d/engine/bin/.cache/dev/editor/bundled/index.js:46333:18)
    at NodeActivator.activateNode (/Applications/Cocos/Creator/3.8.2/CocosCreator.app/Contents/Resources/resources/3d/engine/bin/.cache/dev/editor/bundled/index.js:48341:29)
8-6-2024 22:46:33 - error: [Scene] Widget target must be one of the parent nodes of itError: [Scene] Widget target must be one of the parent nodes of it
    at error (/Applications/Cocos/Creator/3.8.2/CocosCreator.app/Contents/Resources/resources/3d/engine/bin/.cache/dev/editor/bundled/index.js:160743:12)
    at errorID (/Applications/Cocos/Creator/3.8.2/CocosCreator.app/Contents/Resources/resources/3d/engine/bin/.cache/dev/editor/bundled/index.js:160914:5)
    at Widget._validateTargetInDEV (/Applications/Cocos/Creator/3.8.2/CocosCreator.app/Contents/Resources/resources/3d/engine/bin/.cache/dev/editor/bundled/index.js:82459:15)
    at Widget.set target [as target] (/Applications/Cocos/Creator/3.8.2/CocosCreator.app/Contents/Resources/resources/3d/engine/bin/.cache/dev/editor/bundled/index.js:81987:16)
    at NodeDump.decode (/Applications/Cocos/Creator/3.8.2/CocosCreator.app/Contents/Resources/app.asar/builtin/scene/dist/script/export/dump/types/node-dump.ccc:1:367)
    at _decodeByType (/Applications/Cocos/Creator/3.8.2/CocosCreator.app/Contents/Resources/app.asar/builtin/scene/dist/script/export/dump/decode.ccc:1:4773)
    at decodePatch (/Applications/Cocos/Creator/3.8.2/CocosCreator.app/Contents/Resources/app.asar/builtin/scene/dist/script/export/dump/decode.ccc:1:6106)
8-6-2024 22:56:10 - error: ENOTEMPTY: directory not empty, rmdir '/Users/artemfedorov/Documents/dev/rpg-mini/RPG-mini/temp/scene/cache/b31e9165-ac58-4bf8-a353-af2180cb1dbe'Error: ENOTEMPTY: directory not empty, rmdir '/Users/artemfedorov/Documents/dev/rpg-mini/RPG-mini/temp/scene/cache/b31e9165-ac58-4bf8-a353-af2180cb1dbe'
8-6-2024 22:58:28 - error: [Scene] component already addedError: [Scene] component already added
    at error (/Applications/Cocos/Creator/3.8.2/CocosCreator.app/Contents/Resources/resources/3d/engine/bin/.cache/dev/editor/bundled/index.js:160743:12)
    at ReusableInvoker.add (/Applications/Cocos/Creator/3.8.2/CocosCreator.app/Contents/Resources/resources/3d/engine/bin/.cache/dev/editor/bundled/index.js:46349:15)
    at ComponentScheduler._scheduleImmediate (/Applications/Cocos/Creator/3.8.2/CocosCreator.app/Contents/Resources/resources/3d/engine/bin/.cache/dev/editor/bundled/index.js:46618:32)
    at ComponentScheduler._onEnabled (/Applications/Cocos/Creator/3.8.2/CocosCreator.app/Contents/Resources/resources/3d/engine/bin/.cache/dev/editor/bundled/index.js:46483:18)
    at OneOffInvoker.eval [as _invoke] (/Applications/Cocos/Creator/3.8.2/CocosCreator.app/Contents/Resources/resources/3d/engine/bin/.cache/dev/editor/bundled/index.js:46411:29)
    at OneOffInvoker.invoke (/Applications/Cocos/Creator/3.8.2/CocosCreator.app/Contents/Resources/resources/3d/engine/bin/.cache/dev/editor/bundled/index.js:46333:18)
    at NodeActivator.activateNode (/Applications/Cocos/Creator/3.8.2/CocosCreator.app/Contents/Resources/resources/3d/engine/bin/.cache/dev/editor/bundled/index.js:48341:29)
8-6-2024 23:09:46 - warn: [Scene] Node [Label] is a prefab child of prefabInstance [ShopButton],                 it's not allowed to modify hierarchy in current context, you can modify it in it's prefabAsset or do it after unlink prefab from root nodeError: [Scene] Node [Label] is a prefab child of prefabInstance [ShopButton],                 it's not allowed to modify hierarchy in current context, you can modify it in it's prefabAsset or do it after unlink prefab from root node
    at PrefabManager.canModifySibling (/Applications/Cocos/Creator/3.8.2/CocosCreator.app/Contents/Resources/app.asar/builtin/scene/dist/script/3d/manager/prefab/index.ccc:1:5347)
    at GeneralSceneFacade.moveNodeArrayElement (/Applications/Cocos/Creator/3.8.2/CocosCreator.app/Contents/Resources/app.asar/builtin/scene/dist/script/3d/facade/general-scene-facade.ccc:1:8446)
    at SceneFacadeManager.moveNodeArrayElement (/Applications/Cocos/Creator/3.8.2/CocosCreator.app/Contents/Resources/app.asar/builtin/scene/dist/script/3d/facade/scene-facade-manager.ccc:1:10814)
    at step (/Applications/Cocos/Creator/3.8.2/CocosCreator.app/Contents/Resources/app.asar/builtin/scene/dist/script/3d/manager/ipc/web/ipc.ccc:1:748)
    at /Applications/Cocos/Creator/3.8.2/CocosCreator.app/Contents/Resources/app.asar/builtin/scene/dist/script/3d/manager/ipc/web/ipc.ccc:1:1617
    at new Promise (<anonymous>)
    at /Applications/Cocos/Creator/3.8.2/CocosCreator.app/Contents/Resources/app.asar/builtin/scene/dist/script/3d/manager/ipc/web/ipc.ccc:1:1554
8-6-2024 23:11:55 - error: [Scene] component already addedError: [Scene] component already added
    at error (/Applications/Cocos/Creator/3.8.2/CocosCreator.app/Contents/Resources/resources/3d/engine/bin/.cache/dev/editor/bundled/index.js:160743:12)
    at ReusableInvoker.add (/Applications/Cocos/Creator/3.8.2/CocosCreator.app/Contents/Resources/resources/3d/engine/bin/.cache/dev/editor/bundled/index.js:46349:15)
    at ComponentScheduler._scheduleImmediate (/Applications/Cocos/Creator/3.8.2/CocosCreator.app/Contents/Resources/resources/3d/engine/bin/.cache/dev/editor/bundled/index.js:46618:32)
    at ComponentScheduler._onEnabled (/Applications/Cocos/Creator/3.8.2/CocosCreator.app/Contents/Resources/resources/3d/engine/bin/.cache/dev/editor/bundled/index.js:46483:18)
    at OneOffInvoker.eval [as _invoke] (/Applications/Cocos/Creator/3.8.2/CocosCreator.app/Contents/Resources/resources/3d/engine/bin/.cache/dev/editor/bundled/index.js:46411:29)
    at OneOffInvoker.invoke (/Applications/Cocos/Creator/3.8.2/CocosCreator.app/Contents/Resources/resources/3d/engine/bin/.cache/dev/editor/bundled/index.js:46333:18)
    at NodeActivator.activateNode (/Applications/Cocos/Creator/3.8.2/CocosCreator.app/Contents/Resources/resources/3d/engine/bin/.cache/dev/editor/bundled/index.js:48341:29)
8-6-2024 23:12:23 - warn: [Scene] Node [Label] is a prefab child of prefabInstance [ShopButton],                 it's not allowed to modify hierarchy in current context, you can modify it in it's prefabAsset or do it after unlink prefab from root nodeError: [Scene] Node [Label] is a prefab child of prefabInstance [ShopButton],                 it's not allowed to modify hierarchy in current context, you can modify it in it's prefabAsset or do it after unlink prefab from root node
    at PrefabManager.canModifySibling (/Applications/Cocos/Creator/3.8.2/CocosCreator.app/Contents/Resources/app.asar/builtin/scene/dist/script/3d/manager/prefab/index.ccc:1:5347)
    at GeneralSceneFacade.moveNodeArrayElement (/Applications/Cocos/Creator/3.8.2/CocosCreator.app/Contents/Resources/app.asar/builtin/scene/dist/script/3d/facade/general-scene-facade.ccc:1:8446)
    at SceneFacadeManager.moveNodeArrayElement (/Applications/Cocos/Creator/3.8.2/CocosCreator.app/Contents/Resources/app.asar/builtin/scene/dist/script/3d/facade/scene-facade-manager.ccc:1:10814)
    at step (/Applications/Cocos/Creator/3.8.2/CocosCreator.app/Contents/Resources/app.asar/builtin/scene/dist/script/3d/manager/ipc/web/ipc.ccc:1:748)
    at /Applications/Cocos/Creator/3.8.2/CocosCreator.app/Contents/Resources/app.asar/builtin/scene/dist/script/3d/manager/ipc/web/ipc.ccc:1:1617
    at new Promise (<anonymous>)
    at /Applications/Cocos/Creator/3.8.2/CocosCreator.app/Contents/Resources/app.asar/builtin/scene/dist/script/3d/manager/ipc/web/ipc.ccc:1:1554
8-6-2024 23:12:27 - warn: [Scene] Node [Label] is a prefab child of prefabInstance [ShopButton], it's not allowed to change parent in current context, you can modify it in it's prefabAsset or         do it after unlink prefab from root nodeError: [Scene] Node [Label] is a prefab child of prefabInstance [ShopButton], it's not allowed to change parent in current context, you can modify it in it's prefabAsset or         do it after unlink prefab from root node
    at PrefabManager.filterChildOfAssetOfPrefabInstance (/Applications/Cocos/Creator/3.8.2/CocosCreator.app/Contents/Resources/app.asar/builtin/scene/dist/script/3d/manager/prefab/index.ccc:1:3327)
    at PrefabManager.filterChildOfPrefabAssetWhenSetParent (/Applications/Cocos/Creator/3.8.2/CocosCreator.app/Contents/Resources/app.asar/builtin/scene/dist/script/3d/manager/prefab/index.ccc:1:4261)
    at GeneralSceneFacade.setNodeParent (/Applications/Cocos/Creator/3.8.2/CocosCreator.app/Contents/Resources/app.asar/builtin/scene/dist/script/3d/facade/general-scene-facade.ccc:1:10396)
    at SceneFacadeManager.setNodeParent (/Applications/Cocos/Creator/3.8.2/CocosCreator.app/Contents/Resources/app.asar/builtin/scene/dist/script/3d/facade/scene-facade-manager.ccc:1:11970)
    at step (/Applications/Cocos/Creator/3.8.2/CocosCreator.app/Contents/Resources/app.asar/builtin/scene/dist/script/3d/manager/ipc/web/ipc.ccc:1:748)
    at /Applications/Cocos/Creator/3.8.2/CocosCreator.app/Contents/Resources/app.asar/builtin/scene/dist/script/3d/manager/ipc/web/ipc.ccc:1:1617
    at new Promise (<anonymous>)
8-6-2024 23:12:54 - error: [Scene] component already addedError: [Scene] component already added
    at error (/Applications/Cocos/Creator/3.8.2/CocosCreator.app/Contents/Resources/resources/3d/engine/bin/.cache/dev/editor/bundled/index.js:160743:12)
    at ReusableInvoker.add (/Applications/Cocos/Creator/3.8.2/CocosCreator.app/Contents/Resources/resources/3d/engine/bin/.cache/dev/editor/bundled/index.js:46349:15)
    at ComponentScheduler._scheduleImmediate (/Applications/Cocos/Creator/3.8.2/CocosCreator.app/Contents/Resources/resources/3d/engine/bin/.cache/dev/editor/bundled/index.js:46618:32)
    at ComponentScheduler._onEnabled (/Applications/Cocos/Creator/3.8.2/CocosCreator.app/Contents/Resources/resources/3d/engine/bin/.cache/dev/editor/bundled/index.js:46483:18)
    at OneOffInvoker.eval [as _invoke] (/Applications/Cocos/Creator/3.8.2/CocosCreator.app/Contents/Resources/resources/3d/engine/bin/.cache/dev/editor/bundled/index.js:46411:29)
    at OneOffInvoker.invoke (/Applications/Cocos/Creator/3.8.2/CocosCreator.app/Contents/Resources/resources/3d/engine/bin/.cache/dev/editor/bundled/index.js:46333:18)
    at NodeActivator.activateNode (/Applications/Cocos/Creator/3.8.2/CocosCreator.app/Contents/Resources/resources/3d/engine/bin/.cache/dev/editor/bundled/index.js:48341:29)
8-6-2024 23:12:59 - error: [Scene] component already addedError: [Scene] component already added
    at error (/Applications/Cocos/Creator/3.8.2/CocosCreator.app/Contents/Resources/resources/3d/engine/bin/.cache/dev/editor/bundled/index.js:160743:12)
    at ReusableInvoker.add (/Applications/Cocos/Creator/3.8.2/CocosCreator.app/Contents/Resources/resources/3d/engine/bin/.cache/dev/editor/bundled/index.js:46349:15)
    at ComponentScheduler._scheduleImmediate (/Applications/Cocos/Creator/3.8.2/CocosCreator.app/Contents/Resources/resources/3d/engine/bin/.cache/dev/editor/bundled/index.js:46618:32)
    at ComponentScheduler._onEnabled (/Applications/Cocos/Creator/3.8.2/CocosCreator.app/Contents/Resources/resources/3d/engine/bin/.cache/dev/editor/bundled/index.js:46483:18)
    at OneOffInvoker.eval [as _invoke] (/Applications/Cocos/Creator/3.8.2/CocosCreator.app/Contents/Resources/resources/3d/engine/bin/.cache/dev/editor/bundled/index.js:46411:29)
    at OneOffInvoker.invoke (/Applications/Cocos/Creator/3.8.2/CocosCreator.app/Contents/Resources/resources/3d/engine/bin/.cache/dev/editor/bundled/index.js:46333:18)
    at NodeActivator.activateNode (/Applications/Cocos/Creator/3.8.2/CocosCreator.app/Contents/Resources/resources/3d/engine/bin/.cache/dev/editor/bundled/index.js:48341:29)
8-6-2024 23:12:59 - error: [Window] Cannot read property 'rootUuid' of undefinedTypeError: Cannot read property 'rootUuid' of undefined
    at HTMLElement.<anonymous> (/Applications/Cocos/Creator/3.8.2/CocosCreator.app/Contents/Resources/resources/3d/engine/editor/inspector/contributions/node.js:687:106)
8-6-2024 23:13:31 - error: [Scene] component already addedError: [Scene] component already added
    at error (/Applications/Cocos/Creator/3.8.2/CocosCreator.app/Contents/Resources/resources/3d/engine/bin/.cache/dev/editor/bundled/index.js:160743:12)
    at ReusableInvoker.add (/Applications/Cocos/Creator/3.8.2/CocosCreator.app/Contents/Resources/resources/3d/engine/bin/.cache/dev/editor/bundled/index.js:46349:15)
    at ComponentScheduler._scheduleImmediate (/Applications/Cocos/Creator/3.8.2/CocosCreator.app/Contents/Resources/resources/3d/engine/bin/.cache/dev/editor/bundled/index.js:46618:32)
    at ComponentScheduler._onEnabled (/Applications/Cocos/Creator/3.8.2/CocosCreator.app/Contents/Resources/resources/3d/engine/bin/.cache/dev/editor/bundled/index.js:46483:18)
    at OneOffInvoker.eval [as _invoke] (/Applications/Cocos/Creator/3.8.2/CocosCreator.app/Contents/Resources/resources/3d/engine/bin/.cache/dev/editor/bundled/index.js:46411:29)
    at OneOffInvoker.invoke (/Applications/Cocos/Creator/3.8.2/CocosCreator.app/Contents/Resources/resources/3d/engine/bin/.cache/dev/editor/bundled/index.js:46333:18)
    at NodeActivator.activateNode (/Applications/Cocos/Creator/3.8.2/CocosCreator.app/Contents/Resources/resources/3d/engine/bin/.cache/dev/editor/bundled/index.js:48341:29)
8-6-2024 23:14:35 - warn: Please set the application in Preferences -> Program Manager -> Default Script Editor to better open the script
8-6-2024 23:14:40 - error: [Scene] component already addedError: [Scene] component already added
    at error (/Applications/Cocos/Creator/3.8.2/CocosCreator.app/Contents/Resources/resources/3d/engine/bin/.cache/dev/editor/bundled/index.js:160743:12)
    at ReusableInvoker.add (/Applications/Cocos/Creator/3.8.2/CocosCreator.app/Contents/Resources/resources/3d/engine/bin/.cache/dev/editor/bundled/index.js:46349:15)
    at ComponentScheduler._scheduleImmediate (/Applications/Cocos/Creator/3.8.2/CocosCreator.app/Contents/Resources/resources/3d/engine/bin/.cache/dev/editor/bundled/index.js:46618:32)
    at ComponentScheduler._onEnabled (/Applications/Cocos/Creator/3.8.2/CocosCreator.app/Contents/Resources/resources/3d/engine/bin/.cache/dev/editor/bundled/index.js:46483:18)
    at OneOffInvoker.eval [as _invoke] (/Applications/Cocos/Creator/3.8.2/CocosCreator.app/Contents/Resources/resources/3d/engine/bin/.cache/dev/editor/bundled/index.js:46411:29)
    at OneOffInvoker.invoke (/Applications/Cocos/Creator/3.8.2/CocosCreator.app/Contents/Resources/resources/3d/engine/bin/.cache/dev/editor/bundled/index.js:46333:18)
    at NodeActivator.activateNode (/Applications/Cocos/Creator/3.8.2/CocosCreator.app/Contents/Resources/resources/3d/engine/bin/.cache/dev/editor/bundled/index.js:48341:29)
8-6-2024 23:14:49 - error: [Scene] component already addedError: [Scene] component already added
    at error (/Applications/Cocos/Creator/3.8.2/CocosCreator.app/Contents/Resources/resources/3d/engine/bin/.cache/dev/editor/bundled/index.js:160743:12)
    at ReusableInvoker.add (/Applications/Cocos/Creator/3.8.2/CocosCreator.app/Contents/Resources/resources/3d/engine/bin/.cache/dev/editor/bundled/index.js:46349:15)
    at ComponentScheduler._scheduleImmediate (/Applications/Cocos/Creator/3.8.2/CocosCreator.app/Contents/Resources/resources/3d/engine/bin/.cache/dev/editor/bundled/index.js:46618:32)
    at ComponentScheduler._onEnabled (/Applications/Cocos/Creator/3.8.2/CocosCreator.app/Contents/Resources/resources/3d/engine/bin/.cache/dev/editor/bundled/index.js:46483:18)
    at OneOffInvoker.eval [as _invoke] (/Applications/Cocos/Creator/3.8.2/CocosCreator.app/Contents/Resources/resources/3d/engine/bin/.cache/dev/editor/bundled/index.js:46411:29)
    at OneOffInvoker.invoke (/Applications/Cocos/Creator/3.8.2/CocosCreator.app/Contents/Resources/resources/3d/engine/bin/.cache/dev/editor/bundled/index.js:46333:18)
    at NodeActivator.activateNode (/Applications/Cocos/Creator/3.8.2/CocosCreator.app/Contents/Resources/resources/3d/engine/bin/.cache/dev/editor/bundled/index.js:48341:29)
8-6-2024 23:14:49 - error: [Scene] component already addedError: [Scene] component already added
    at error (/Applications/Cocos/Creator/3.8.2/CocosCreator.app/Contents/Resources/resources/3d/engine/bin/.cache/dev/editor/bundled/index.js:160743:12)
    at ReusableInvoker.add (/Applications/Cocos/Creator/3.8.2/CocosCreator.app/Contents/Resources/resources/3d/engine/bin/.cache/dev/editor/bundled/index.js:46349:15)
    at ComponentScheduler._scheduleImmediate (/Applications/Cocos/Creator/3.8.2/CocosCreator.app/Contents/Resources/resources/3d/engine/bin/.cache/dev/editor/bundled/index.js:46618:32)
    at ComponentScheduler._onEnabled (/Applications/Cocos/Creator/3.8.2/CocosCreator.app/Contents/Resources/resources/3d/engine/bin/.cache/dev/editor/bundled/index.js:46483:18)
    at OneOffInvoker.eval [as _invoke] (/Applications/Cocos/Creator/3.8.2/CocosCreator.app/Contents/Resources/resources/3d/engine/bin/.cache/dev/editor/bundled/index.js:46411:29)
    at OneOffInvoker.invoke (/Applications/Cocos/Creator/3.8.2/CocosCreator.app/Contents/Resources/resources/3d/engine/bin/.cache/dev/editor/bundled/index.js:46333:18)
    at NodeActivator.activateNode (/Applications/Cocos/Creator/3.8.2/CocosCreator.app/Contents/Resources/resources/3d/engine/bin/.cache/dev/editor/bundled/index.js:48341:29)
8-6-2024 23:14:49 - error: [Scene] component already addedError: [Scene] component already added
    at error (/Applications/Cocos/Creator/3.8.2/CocosCreator.app/Contents/Resources/resources/3d/engine/bin/.cache/dev/editor/bundled/index.js:160743:12)
    at ReusableInvoker.add (/Applications/Cocos/Creator/3.8.2/CocosCreator.app/Contents/Resources/resources/3d/engine/bin/.cache/dev/editor/bundled/index.js:46349:15)
    at ComponentScheduler._scheduleImmediate (/Applications/Cocos/Creator/3.8.2/CocosCreator.app/Contents/Resources/resources/3d/engine/bin/.cache/dev/editor/bundled/index.js:46618:32)
    at ComponentScheduler._onEnabled (/Applications/Cocos/Creator/3.8.2/CocosCreator.app/Contents/Resources/resources/3d/engine/bin/.cache/dev/editor/bundled/index.js:46483:18)
    at OneOffInvoker.eval [as _invoke] (/Applications/Cocos/Creator/3.8.2/CocosCreator.app/Contents/Resources/resources/3d/engine/bin/.cache/dev/editor/bundled/index.js:46411:29)
    at OneOffInvoker.invoke (/Applications/Cocos/Creator/3.8.2/CocosCreator.app/Contents/Resources/resources/3d/engine/bin/.cache/dev/editor/bundled/index.js:46333:18)
    at NodeActivator.activateNode (/Applications/Cocos/Creator/3.8.2/CocosCreator.app/Contents/Resources/resources/3d/engine/bin/.cache/dev/editor/bundled/index.js:48341:29)
8-6-2024 23:14:49 - error: [Scene] component already addedError: [Scene] component already added
    at error (/Applications/Cocos/Creator/3.8.2/CocosCreator.app/Contents/Resources/resources/3d/engine/bin/.cache/dev/editor/bundled/index.js:160743:12)
    at ReusableInvoker.add (/Applications/Cocos/Creator/3.8.2/CocosCreator.app/Contents/Resources/resources/3d/engine/bin/.cache/dev/editor/bundled/index.js:46349:15)
    at ComponentScheduler._scheduleImmediate (/Applications/Cocos/Creator/3.8.2/CocosCreator.app/Contents/Resources/resources/3d/engine/bin/.cache/dev/editor/bundled/index.js:46618:32)
    at ComponentScheduler._onEnabled (/Applications/Cocos/Creator/3.8.2/CocosCreator.app/Contents/Resources/resources/3d/engine/bin/.cache/dev/editor/bundled/index.js:46483:18)
    at OneOffInvoker.eval [as _invoke] (/Applications/Cocos/Creator/3.8.2/CocosCreator.app/Contents/Resources/resources/3d/engine/bin/.cache/dev/editor/bundled/index.js:46411:29)
    at OneOffInvoker.invoke (/Applications/Cocos/Creator/3.8.2/CocosCreator.app/Contents/Resources/resources/3d/engine/bin/.cache/dev/editor/bundled/index.js:46333:18)
    at NodeActivator.activateNode (/Applications/Cocos/Creator/3.8.2/CocosCreator.app/Contents/Resources/resources/3d/engine/bin/.cache/dev/editor/bundled/index.js:48341:29)
8-6-2024 23:14:49 - error: [Window] Cannot read property 'cancel' of undefinedTypeError: Cannot read property 'cancel' of undefined
    at Object.close (/Applications/Cocos/Creator/3.8.2/CocosCreator.app/Contents/Resources/resources/3d/engine/editor/inspector/contributions/node.js:641:34)
    at Object.close (/Applications/Cocos/Creator/3.8.2/CocosCreator.app/Contents/Resources/resources/3d/engine/editor/inspector/contributions/node.js:2169:27)
    at HTMLElement._setPanel (/Applications/Cocos/Creator/3.8.2/CocosCreator.app/Contents/Resources/app.asar/node_modules/@editor/creator-ui-kit/dist/renderer.ccc:2:1641746)
    at HTMLElement.attributeChangedCallback (/Applications/Cocos/Creator/3.8.2/CocosCreator.app/Contents/Resources/app.asar/node_modules/@editor/creator-ui-kit/dist/renderer.ccc:2:1642345)
    at Object.sceneClose (/Applications/Cocos/Creator/3.8.2/CocosCreator.app/Contents/Resources/app.asar/modules/editor-extensions/extensions/inspector/dist/panels/inspector/index.ccc:1:3400)
    at /Applications/Cocos/Creator/3.8.2/CocosCreator.app/Contents/Resources/app.asar/node_modules/@editor/panel/lib/element.ccc:1:5038
    at new Promise (<anonymous>)
    at EventEmitter.<anonymous> (/Applications/Cocos/Creator/3.8.2/CocosCreator.app/Contents/Resources/app.asar/node_modules/@editor/panel/lib/element.ccc:1:4999)
    at EventEmitter.emit (events.js:315:20)
    at EventEmitter.<anonymous> (/Applications/Cocos/Creator/3.8.2/CocosCreator.app/Contents/Resources/app.asar/node_modules/@base/electron-base-ipc/dist/renderer.ccc:1:3660)
8-6-2024 23:14:49 - error: [Scene] component already addedError: [Scene] component already added
    at error (/Applications/Cocos/Creator/3.8.2/CocosCreator.app/Contents/Resources/resources/3d/engine/bin/.cache/dev/editor/bundled/index.js:160743:12)
    at ReusableInvoker.add (/Applications/Cocos/Creator/3.8.2/CocosCreator.app/Contents/Resources/resources/3d/engine/bin/.cache/dev/editor/bundled/index.js:46349:15)
    at ComponentScheduler._scheduleImmediate (/Applications/Cocos/Creator/3.8.2/CocosCreator.app/Contents/Resources/resources/3d/engine/bin/.cache/dev/editor/bundled/index.js:46618:32)
    at ComponentScheduler._onEnabled (/Applications/Cocos/Creator/3.8.2/CocosCreator.app/Contents/Resources/resources/3d/engine/bin/.cache/dev/editor/bundled/index.js:46483:18)
    at OneOffInvoker.eval [as _invoke] (/Applications/Cocos/Creator/3.8.2/CocosCreator.app/Contents/Resources/resources/3d/engine/bin/.cache/dev/editor/bundled/index.js:46411:29)
    at OneOffInvoker.invoke (/Applications/Cocos/Creator/3.8.2/CocosCreator.app/Contents/Resources/resources/3d/engine/bin/.cache/dev/editor/bundled/index.js:46333:18)
    at NodeActivator.activateNode (/Applications/Cocos/Creator/3.8.2/CocosCreator.app/Contents/Resources/resources/3d/engine/bin/.cache/dev/editor/bundled/index.js:48341:29)
8-6-2024 23:14:49 - error: [Scene] component already addedError: [Scene] component already added
    at error (/Applications/Cocos/Creator/3.8.2/CocosCreator.app/Contents/Resources/resources/3d/engine/bin/.cache/dev/editor/bundled/index.js:160743:12)
    at ReusableInvoker.add (/Applications/Cocos/Creator/3.8.2/CocosCreator.app/Contents/Resources/resources/3d/engine/bin/.cache/dev/editor/bundled/index.js:46349:15)
    at ComponentScheduler._scheduleImmediate (/Applications/Cocos/Creator/3.8.2/CocosCreator.app/Contents/Resources/resources/3d/engine/bin/.cache/dev/editor/bundled/index.js:46618:32)
    at ComponentScheduler._onEnabled (/Applications/Cocos/Creator/3.8.2/CocosCreator.app/Contents/Resources/resources/3d/engine/bin/.cache/dev/editor/bundled/index.js:46483:18)
    at OneOffInvoker.eval [as _invoke] (/Applications/Cocos/Creator/3.8.2/CocosCreator.app/Contents/Resources/resources/3d/engine/bin/.cache/dev/editor/bundled/index.js:46411:29)
    at OneOffInvoker.invoke (/Applications/Cocos/Creator/3.8.2/CocosCreator.app/Contents/Resources/resources/3d/engine/bin/.cache/dev/editor/bundled/index.js:46333:18)
    at NodeActivator.activateNode (/Applications/Cocos/Creator/3.8.2/CocosCreator.app/Contents/Resources/resources/3d/engine/bin/.cache/dev/editor/bundled/index.js:48341:29)
8-6-2024 23:22:31 - warn: Please set the application in Preferences -> Program Manager -> Default Script Editor to better open the script
8-6-2024 23:32:34 - warn: Please set the application in Preferences -> Program Manager -> Default Script Editor to better open the script
8-6-2024 23:32:47 - warn: Please set the application in Preferences -> Program Manager -> Default Script Editor to better open the script
8-6-2024 23:34:43 - error: [Scene] component already addedError: [Scene] component already added
    at error (/Applications/Cocos/Creator/3.8.2/CocosCreator.app/Contents/Resources/resources/3d/engine/bin/.cache/dev/editor/bundled/index.js:160743:12)
    at ReusableInvoker.add (/Applications/Cocos/Creator/3.8.2/CocosCreator.app/Contents/Resources/resources/3d/engine/bin/.cache/dev/editor/bundled/index.js:46349:15)
    at ComponentScheduler._scheduleImmediate (/Applications/Cocos/Creator/3.8.2/CocosCreator.app/Contents/Resources/resources/3d/engine/bin/.cache/dev/editor/bundled/index.js:46618:32)
    at ComponentScheduler._onEnabled (/Applications/Cocos/Creator/3.8.2/CocosCreator.app/Contents/Resources/resources/3d/engine/bin/.cache/dev/editor/bundled/index.js:46483:18)
    at OneOffInvoker.eval [as _invoke] (/Applications/Cocos/Creator/3.8.2/CocosCreator.app/Contents/Resources/resources/3d/engine/bin/.cache/dev/editor/bundled/index.js:46411:29)
    at OneOffInvoker.invoke (/Applications/Cocos/Creator/3.8.2/CocosCreator.app/Contents/Resources/resources/3d/engine/bin/.cache/dev/editor/bundled/index.js:46333:18)
    at NodeActivator.activateNode (/Applications/Cocos/Creator/3.8.2/CocosCreator.app/Contents/Resources/resources/3d/engine/bin/.cache/dev/editor/bundled/index.js:48341:29)
8-6-2024 23:38:35 - warn: Please set the application in Preferences -> Program Manager -> Default Script Editor to better open the script
8-6-2024 23:39:07 - error: [Scene] component already addedError: [Scene] component already added
    at error (/Applications/Cocos/Creator/3.8.2/CocosCreator.app/Contents/Resources/resources/3d/engine/bin/.cache/dev/editor/bundled/index.js:160743:12)
    at ReusableInvoker.add (/Applications/Cocos/Creator/3.8.2/CocosCreator.app/Contents/Resources/resources/3d/engine/bin/.cache/dev/editor/bundled/index.js:46349:15)
    at ComponentScheduler._scheduleImmediate (/Applications/Cocos/Creator/3.8.2/CocosCreator.app/Contents/Resources/resources/3d/engine/bin/.cache/dev/editor/bundled/index.js:46618:32)
    at ComponentScheduler._onEnabled (/Applications/Cocos/Creator/3.8.2/CocosCreator.app/Contents/Resources/resources/3d/engine/bin/.cache/dev/editor/bundled/index.js:46483:18)
    at OneOffInvoker.eval [as _invoke] (/Applications/Cocos/Creator/3.8.2/CocosCreator.app/Contents/Resources/resources/3d/engine/bin/.cache/dev/editor/bundled/index.js:46411:29)
    at OneOffInvoker.invoke (/Applications/Cocos/Creator/3.8.2/CocosCreator.app/Contents/Resources/resources/3d/engine/bin/.cache/dev/editor/bundled/index.js:46333:18)
    at NodeActivator.activateNode (/Applications/Cocos/Creator/3.8.2/CocosCreator.app/Contents/Resources/resources/3d/engine/bin/.cache/dev/editor/bundled/index.js:48341:29)
8-6-2024 23:42:46 - warn: [Scene] The type of "FrameSwitcher.currentFrameIndex" must be CCFloat or CCInteger, not Number.Error: [Scene] The type of "FrameSwitcher.currentFrameIndex" must be CCFloat or CCInteger, not Number.
    at warn (/Applications/Cocos/Creator/3.8.2/CocosCreator.app/Contents/Resources/resources/3d/engine/bin/.cache/dev/editor/bundled/index.js:160729:12)
    at warnID (/Applications/Cocos/Creator/3.8.2/CocosCreator.app/Contents/Resources/resources/3d/engine/bin/.cache/dev/editor/bundled/index.js:160911:5)
    at parseType (/Applications/Cocos/Creator/3.8.2/CocosCreator.app/Contents/Resources/resources/3d/engine/bin/.cache/dev/editor/bundled/index.js:273527:11)
    at preprocessAttrs (/Applications/Cocos/Creator/3.8.2/CocosCreator.app/Contents/Resources/resources/3d/engine/bin/.cache/dev/editor/bundled/index.js:273632:11)
    at declareProperties (/Applications/Cocos/Creator/3.8.2/CocosCreator.app/Contents/Resources/resources/3d/engine/bin/.cache/dev/editor/bundled/index.js:138398:7)
    at CCClass (/Applications/Cocos/Creator/3.8.2/CocosCreator.app/Contents/Resources/resources/3d/engine/bin/.cache/dev/editor/bundled/index.js:138427:5)
    at eval (/Applications/Cocos/Creator/3.8.2/CocosCreator.app/Contents/Resources/resources/3d/engine/bin/.cache/dev/editor/bundled/index.js:271455:21)
8-6-2024 23:43:46 - error: [Scene] component already addedError: [Scene] component already added
    at error (/Applications/Cocos/Creator/3.8.2/CocosCreator.app/Contents/Resources/resources/3d/engine/bin/.cache/dev/editor/bundled/index.js:160743:12)
    at ReusableInvoker.add (/Applications/Cocos/Creator/3.8.2/CocosCreator.app/Contents/Resources/resources/3d/engine/bin/.cache/dev/editor/bundled/index.js:46349:15)
    at ComponentScheduler._scheduleImmediate (/Applications/Cocos/Creator/3.8.2/CocosCreator.app/Contents/Resources/resources/3d/engine/bin/.cache/dev/editor/bundled/index.js:46618:32)
    at ComponentScheduler._onEnabled (/Applications/Cocos/Creator/3.8.2/CocosCreator.app/Contents/Resources/resources/3d/engine/bin/.cache/dev/editor/bundled/index.js:46483:18)
    at OneOffInvoker.eval [as _invoke] (/Applications/Cocos/Creator/3.8.2/CocosCreator.app/Contents/Resources/resources/3d/engine/bin/.cache/dev/editor/bundled/index.js:46411:29)
    at OneOffInvoker.invoke (/Applications/Cocos/Creator/3.8.2/CocosCreator.app/Contents/Resources/resources/3d/engine/bin/.cache/dev/editor/bundled/index.js:46333:18)
    at NodeActivator.activateNode (/Applications/Cocos/Creator/3.8.2/CocosCreator.app/Contents/Resources/resources/3d/engine/bin/.cache/dev/editor/bundled/index.js:48341:29)
8-6-2024 23:45:50 - warn: [Scene] The type of "FrameSwitcher.currentFrameIndex" must be CCFloat or CCInteger, not Number.Error: [Scene] The type of "FrameSwitcher.currentFrameIndex" must be CCFloat or CCInteger, not Number.
    at warn (/Applications/Cocos/Creator/3.8.2/CocosCreator.app/Contents/Resources/resources/3d/engine/bin/.cache/dev/editor/bundled/index.js:160729:12)
    at warnID (/Applications/Cocos/Creator/3.8.2/CocosCreator.app/Contents/Resources/resources/3d/engine/bin/.cache/dev/editor/bundled/index.js:160911:5)
    at parseType (/Applications/Cocos/Creator/3.8.2/CocosCreator.app/Contents/Resources/resources/3d/engine/bin/.cache/dev/editor/bundled/index.js:273527:11)
    at preprocessAttrs (/Applications/Cocos/Creator/3.8.2/CocosCreator.app/Contents/Resources/resources/3d/engine/bin/.cache/dev/editor/bundled/index.js:273632:11)
    at declareProperties (/Applications/Cocos/Creator/3.8.2/CocosCreator.app/Contents/Resources/resources/3d/engine/bin/.cache/dev/editor/bundled/index.js:138398:7)
    at CCClass (/Applications/Cocos/Creator/3.8.2/CocosCreator.app/Contents/Resources/resources/3d/engine/bin/.cache/dev/editor/bundled/index.js:138427:5)
    at eval (/Applications/Cocos/Creator/3.8.2/CocosCreator.app/Contents/Resources/resources/3d/engine/bin/.cache/dev/editor/bundled/index.js:271455:21)
8-6-2024 23:45:50 - error: [Scene] component already addedError: [Scene] component already added
    at error (/Applications/Cocos/Creator/3.8.2/CocosCreator.app/Contents/Resources/resources/3d/engine/bin/.cache/dev/editor/bundled/index.js:160743:12)
    at ReusableInvoker.add (/Applications/Cocos/Creator/3.8.2/CocosCreator.app/Contents/Resources/resources/3d/engine/bin/.cache/dev/editor/bundled/index.js:46349:15)
    at ComponentScheduler._scheduleImmediate (/Applications/Cocos/Creator/3.8.2/CocosCreator.app/Contents/Resources/resources/3d/engine/bin/.cache/dev/editor/bundled/index.js:46618:32)
    at ComponentScheduler._onEnabled (/Applications/Cocos/Creator/3.8.2/CocosCreator.app/Contents/Resources/resources/3d/engine/bin/.cache/dev/editor/bundled/index.js:46483:18)
    at OneOffInvoker.eval [as _invoke] (/Applications/Cocos/Creator/3.8.2/CocosCreator.app/Contents/Resources/resources/3d/engine/bin/.cache/dev/editor/bundled/index.js:46411:29)
    at OneOffInvoker.invoke (/Applications/Cocos/Creator/3.8.2/CocosCreator.app/Contents/Resources/resources/3d/engine/bin/.cache/dev/editor/bundled/index.js:46333:18)
    at NodeActivator.activateNode (/Applications/Cocos/Creator/3.8.2/CocosCreator.app/Contents/Resources/resources/3d/engine/bin/.cache/dev/editor/bundled/index.js:48341:29)
8-6-2024 23:45:55 - error: [Scene] Invalid frame index: 6Error: [Scene] Invalid frame index: 6
    at FrameSwitcher.set currentFrameIndex [as currentFrameIndex] (file:///Users/artemfedorov/Documents/dev/rpg-mini/RPG-mini/temp/programming/packer-driver/targets/editor/chunks/7a/file:/Users/artemfedorov/Documents/dev/rpg-mini/RPG-mini/assets/ui_prefabs/components/ImageSwitcher/ImageSwitcher.ts:23:21)
    at decodePatch (/Applications/Cocos/Creator/3.8.2/CocosCreator.app/Contents/Resources/app.asar/builtin/scene/dist/script/export/dump/decode.ccc:1:7180)
8-6-2024 23:45:55 - error: [Scene] Invalid frame index: 13Error: [Scene] Invalid frame index: 13
    at FrameSwitcher.set currentFrameIndex [as currentFrameIndex] (file:///Users/artemfedorov/Documents/dev/rpg-mini/RPG-mini/temp/programming/packer-driver/targets/editor/chunks/7a/file:/Users/artemfedorov/Documents/dev/rpg-mini/RPG-mini/assets/ui_prefabs/components/ImageSwitcher/ImageSwitcher.ts:23:21)
    at decodePatch (/Applications/Cocos/Creator/3.8.2/CocosCreator.app/Contents/Resources/app.asar/builtin/scene/dist/script/export/dump/decode.ccc:1:7180)
8-6-2024 23:45:55 - error: [Scene] Invalid frame index: 16Error: [Scene] Invalid frame index: 16
    at FrameSwitcher.set currentFrameIndex [as currentFrameIndex] (file:///Users/artemfedorov/Documents/dev/rpg-mini/RPG-mini/temp/programming/packer-driver/targets/editor/chunks/7a/file:/Users/artemfedorov/Documents/dev/rpg-mini/RPG-mini/assets/ui_prefabs/components/ImageSwitcher/ImageSwitcher.ts:23:21)
    at decodePatch (/Applications/Cocos/Creator/3.8.2/CocosCreator.app/Contents/Resources/app.asar/builtin/scene/dist/script/export/dump/decode.ccc:1:7180)
8-6-2024 23:45:55 - error: [Scene] Invalid frame index: 22Error: [Scene] Invalid frame index: 22
    at FrameSwitcher.set currentFrameIndex [as currentFrameIndex] (file:///Users/artemfedorov/Documents/dev/rpg-mini/RPG-mini/temp/programming/packer-driver/targets/editor/chunks/7a/file:/Users/artemfedorov/Documents/dev/rpg-mini/RPG-mini/assets/ui_prefabs/components/ImageSwitcher/ImageSwitcher.ts:23:21)
    at decodePatch (/Applications/Cocos/Creator/3.8.2/CocosCreator.app/Contents/Resources/app.asar/builtin/scene/dist/script/export/dump/decode.ccc:1:7180)
8-6-2024 23:45:55 - error: [Scene] Invalid frame index: 34Error: [Scene] Invalid frame index: 34
    at FrameSwitcher.set currentFrameIndex [as currentFrameIndex] (file:///Users/artemfedorov/Documents/dev/rpg-mini/RPG-mini/temp/programming/packer-driver/targets/editor/chunks/7a/file:/Users/artemfedorov/Documents/dev/rpg-mini/RPG-mini/assets/ui_prefabs/components/ImageSwitcher/ImageSwitcher.ts:23:21)
    at decodePatch (/Applications/Cocos/Creator/3.8.2/CocosCreator.app/Contents/Resources/app.asar/builtin/scene/dist/script/export/dump/decode.ccc:1:7180)
8-6-2024 23:45:55 - error: [Scene] Invalid frame index: 44Error: [Scene] Invalid frame index: 44
    at FrameSwitcher.set currentFrameIndex [as currentFrameIndex] (file:///Users/artemfedorov/Documents/dev/rpg-mini/RPG-mini/temp/programming/packer-driver/targets/editor/chunks/7a/file:/Users/artemfedorov/Documents/dev/rpg-mini/RPG-mini/assets/ui_prefabs/components/ImageSwitcher/ImageSwitcher.ts:23:21)
    at decodePatch (/Applications/Cocos/Creator/3.8.2/CocosCreator.app/Contents/Resources/app.asar/builtin/scene/dist/script/export/dump/decode.ccc:1:7180)
8-6-2024 23:45:55 - error: [Scene] Invalid frame index: 47Error: [Scene] Invalid frame index: 47
    at FrameSwitcher.set currentFrameIndex [as currentFrameIndex] (file:///Users/artemfedorov/Documents/dev/rpg-mini/RPG-mini/temp/programming/packer-driver/targets/editor/chunks/7a/file:/Users/artemfedorov/Documents/dev/rpg-mini/RPG-mini/assets/ui_prefabs/components/ImageSwitcher/ImageSwitcher.ts:23:21)
    at decodePatch (/Applications/Cocos/Creator/3.8.2/CocosCreator.app/Contents/Resources/app.asar/builtin/scene/dist/script/export/dump/decode.ccc:1:7180)
8-6-2024 23:45:56 - error: [Scene] Invalid frame index: 48Error: [Scene] Invalid frame index: 48
    at FrameSwitcher.set currentFrameIndex [as currentFrameIndex] (file:///Users/artemfedorov/Documents/dev/rpg-mini/RPG-mini/temp/programming/packer-driver/targets/editor/chunks/7a/file:/Users/artemfedorov/Documents/dev/rpg-mini/RPG-mini/assets/ui_prefabs/components/ImageSwitcher/ImageSwitcher.ts:23:21)
    at decodePatch (/Applications/Cocos/Creator/3.8.2/CocosCreator.app/Contents/Resources/app.asar/builtin/scene/dist/script/export/dump/decode.ccc:1:7180)
8-6-2024 23:45:56 - error: [Scene] Invalid frame index: 51Error: [Scene] Invalid frame index: 51
    at FrameSwitcher.set currentFrameIndex [as currentFrameIndex] (file:///Users/artemfedorov/Documents/dev/rpg-mini/RPG-mini/temp/programming/packer-driver/targets/editor/chunks/7a/file:/Users/artemfedorov/Documents/dev/rpg-mini/RPG-mini/assets/ui_prefabs/components/ImageSwitcher/ImageSwitcher.ts:23:21)
    at decodePatch (/Applications/Cocos/Creator/3.8.2/CocosCreator.app/Contents/Resources/app.asar/builtin/scene/dist/script/export/dump/decode.ccc:1:7180)
8-6-2024 23:45:56 - error: [Scene] Invalid frame index: 53Error: [Scene] Invalid frame index: 53
    at FrameSwitcher.set currentFrameIndex [as currentFrameIndex] (file:///Users/artemfedorov/Documents/dev/rpg-mini/RPG-mini/temp/programming/packer-driver/targets/editor/chunks/7a/file:/Users/artemfedorov/Documents/dev/rpg-mini/RPG-mini/assets/ui_prefabs/components/ImageSwitcher/ImageSwitcher.ts:23:21)
    at decodePatch (/Applications/Cocos/Creator/3.8.2/CocosCreator.app/Contents/Resources/app.asar/builtin/scene/dist/script/export/dump/decode.ccc:1:7180)
8-6-2024 23:45:56 - error: [Scene] Invalid frame index: 55Error: [Scene] Invalid frame index: 55
    at FrameSwitcher.set currentFrameIndex [as currentFrameIndex] (file:///Users/artemfedorov/Documents/dev/rpg-mini/RPG-mini/temp/programming/packer-driver/targets/editor/chunks/7a/file:/Users/artemfedorov/Documents/dev/rpg-mini/RPG-mini/assets/ui_prefabs/components/ImageSwitcher/ImageSwitcher.ts:23:21)
    at decodePatch (/Applications/Cocos/Creator/3.8.2/CocosCreator.app/Contents/Resources/app.asar/builtin/scene/dist/script/export/dump/decode.ccc:1:7180)
8-6-2024 23:45:56 - error: [Scene] Invalid frame index: 58Error: [Scene] Invalid frame index: 58
    at FrameSwitcher.set currentFrameIndex [as currentFrameIndex] (file:///Users/artemfedorov/Documents/dev/rpg-mini/RPG-mini/temp/programming/packer-driver/targets/editor/chunks/7a/file:/Users/artemfedorov/Documents/dev/rpg-mini/RPG-mini/assets/ui_prefabs/components/ImageSwitcher/ImageSwitcher.ts:23:21)
    at decodePatch (/Applications/Cocos/Creator/3.8.2/CocosCreator.app/Contents/Resources/app.asar/builtin/scene/dist/script/export/dump/decode.ccc:1:7180)
8-6-2024 23:45:56 - error: [Scene] Invalid frame index: 59Error: [Scene] Invalid frame index: 59
    at FrameSwitcher.set currentFrameIndex [as currentFrameIndex] (file:///Users/artemfedorov/Documents/dev/rpg-mini/RPG-mini/temp/programming/packer-driver/targets/editor/chunks/7a/file:/Users/artemfedorov/Documents/dev/rpg-mini/RPG-mini/assets/ui_prefabs/components/ImageSwitcher/ImageSwitcher.ts:23:21)
    at decodePatch (/Applications/Cocos/Creator/3.8.2/CocosCreator.app/Contents/Resources/app.asar/builtin/scene/dist/script/export/dump/decode.ccc:1:7180)
8-6-2024 23:45:58 - error: [Scene] Invalid frame index: 4Error: [Scene] Invalid frame index: 4
    at FrameSwitcher.set currentFrameIndex [as currentFrameIndex] (file:///Users/artemfedorov/Documents/dev/rpg-mini/RPG-mini/temp/programming/packer-driver/targets/editor/chunks/7a/file:/Users/artemfedorov/Documents/dev/rpg-mini/RPG-mini/assets/ui_prefabs/components/ImageSwitcher/ImageSwitcher.ts:23:21)
    at decodePatch (/Applications/Cocos/Creator/3.8.2/CocosCreator.app/Contents/Resources/app.asar/builtin/scene/dist/script/export/dump/decode.ccc:1:7180)
8-6-2024 23:45:58 - error: [Scene] Invalid frame index: 4Error: [Scene] Invalid frame index: 4
    at FrameSwitcher.set currentFrameIndex [as currentFrameIndex] (file:///Users/artemfedorov/Documents/dev/rpg-mini/RPG-mini/temp/programming/packer-driver/targets/editor/chunks/7a/file:/Users/artemfedorov/Documents/dev/rpg-mini/RPG-mini/assets/ui_prefabs/components/ImageSwitcher/ImageSwitcher.ts:23:21)
    at decodePatch (/Applications/Cocos/Creator/3.8.2/CocosCreator.app/Contents/Resources/app.asar/builtin/scene/dist/script/export/dump/decode.ccc:1:7180)
8-6-2024 23:50:08 - error: [Scene] component already addedError: [Scene] component already added
    at error (/Applications/Cocos/Creator/3.8.2/CocosCreator.app/Contents/Resources/resources/3d/engine/bin/.cache/dev/editor/bundled/index.js:160743:12)
    at ReusableInvoker.add (/Applications/Cocos/Creator/3.8.2/CocosCreator.app/Contents/Resources/resources/3d/engine/bin/.cache/dev/editor/bundled/index.js:46349:15)
    at ComponentScheduler._scheduleImmediate (/Applications/Cocos/Creator/3.8.2/CocosCreator.app/Contents/Resources/resources/3d/engine/bin/.cache/dev/editor/bundled/index.js:46618:32)
    at ComponentScheduler._onEnabled (/Applications/Cocos/Creator/3.8.2/CocosCreator.app/Contents/Resources/resources/3d/engine/bin/.cache/dev/editor/bundled/index.js:46483:18)
    at OneOffInvoker.eval [as _invoke] (/Applications/Cocos/Creator/3.8.2/CocosCreator.app/Contents/Resources/resources/3d/engine/bin/.cache/dev/editor/bundled/index.js:46411:29)
    at OneOffInvoker.invoke (/Applications/Cocos/Creator/3.8.2/CocosCreator.app/Contents/Resources/resources/3d/engine/bin/.cache/dev/editor/bundled/index.js:46333:18)
    at NodeActivator.activateNode (/Applications/Cocos/Creator/3.8.2/CocosCreator.app/Contents/Resources/resources/3d/engine/bin/.cache/dev/editor/bundled/index.js:48341:29)
8-6-2024 23:50:28 - error: [Scene] Invalid frame index: 4Error: [Scene] Invalid frame index: 4
    at FrameSwitcher.set currentFrameIndex [as currentFrameIndex] (file:///Users/artemfedorov/Documents/dev/rpg-mini/RPG-mini/temp/programming/packer-driver/targets/editor/chunks/7a/file:/Users/artemfedorov/Documents/dev/rpg-mini/RPG-mini/assets/ui_prefabs/components/ImageSwitcher/ImageSwitcher.ts:24:10)
    at decodePatch (/Applications/Cocos/Creator/3.8.2/CocosCreator.app/Contents/Resources/app.asar/builtin/scene/dist/script/export/dump/decode.ccc:1:7180)
8-6-2024 23:50:28 - error: [Scene] Invalid frame index: 4Error: [Scene] Invalid frame index: 4
    at FrameSwitcher.set currentFrameIndex [as currentFrameIndex] (file:///Users/artemfedorov/Documents/dev/rpg-mini/RPG-mini/temp/programming/packer-driver/targets/editor/chunks/7a/file:/Users/artemfedorov/Documents/dev/rpg-mini/RPG-mini/assets/ui_prefabs/components/ImageSwitcher/ImageSwitcher.ts:24:10)
    at decodePatch (/Applications/Cocos/Creator/3.8.2/CocosCreator.app/Contents/Resources/app.asar/builtin/scene/dist/script/export/dump/decode.ccc:1:7180)
8-6-2024 23:50:28 - error: [Scene] Invalid frame index: 4Error: [Scene] Invalid frame index: 4
    at FrameSwitcher.set currentFrameIndex [as currentFrameIndex] (file:///Users/artemfedorov/Documents/dev/rpg-mini/RPG-mini/temp/programming/packer-driver/targets/editor/chunks/7a/file:/Users/artemfedorov/Documents/dev/rpg-mini/RPG-mini/assets/ui_prefabs/components/ImageSwitcher/ImageSwitcher.ts:24:10)
    at decodePatch (/Applications/Cocos/Creator/3.8.2/CocosCreator.app/Contents/Resources/app.asar/builtin/scene/dist/script/export/dump/decode.ccc:1:7180)
8-6-2024 23:50:28 - error: [Scene] Invalid frame index: 4Error: [Scene] Invalid frame index: 4
    at FrameSwitcher.set currentFrameIndex [as currentFrameIndex] (file:///Users/artemfedorov/Documents/dev/rpg-mini/RPG-mini/temp/programming/packer-driver/targets/editor/chunks/7a/file:/Users/artemfedorov/Documents/dev/rpg-mini/RPG-mini/assets/ui_prefabs/components/ImageSwitcher/ImageSwitcher.ts:24:10)
    at decodePatch (/Applications/Cocos/Creator/3.8.2/CocosCreator.app/Contents/Resources/app.asar/builtin/scene/dist/script/export/dump/decode.ccc:1:7180)
8-6-2024 23:50:30 - error: [Scene] Invalid frame index: -1Error: [Scene] Invalid frame index: -1
    at FrameSwitcher.set currentFrameIndex [as currentFrameIndex] (file:///Users/artemfedorov/Documents/dev/rpg-mini/RPG-mini/temp/programming/packer-driver/targets/editor/chunks/7a/file:/Users/artemfedorov/Documents/dev/rpg-mini/RPG-mini/assets/ui_prefabs/components/ImageSwitcher/ImageSwitcher.ts:24:10)
    at decodePatch (/Applications/Cocos/Creator/3.8.2/CocosCreator.app/Contents/Resources/app.asar/builtin/scene/dist/script/export/dump/decode.ccc:1:7180)
8-6-2024 23:50:30 - error: [Scene] Invalid frame index: -1Error: [Scene] Invalid frame index: -1
    at FrameSwitcher.set currentFrameIndex [as currentFrameIndex] (file:///Users/artemfedorov/Documents/dev/rpg-mini/RPG-mini/temp/programming/packer-driver/targets/editor/chunks/7a/file:/Users/artemfedorov/Documents/dev/rpg-mini/RPG-mini/assets/ui_prefabs/components/ImageSwitcher/ImageSwitcher.ts:24:10)
    at decodePatch (/Applications/Cocos/Creator/3.8.2/CocosCreator.app/Contents/Resources/app.asar/builtin/scene/dist/script/export/dump/decode.ccc:1:7180)
8-6-2024 23:50:34 - error: [Window] Cannot read property 'render' of nullTypeError: Cannot read property 'render' of null
    at renderImmediately (/Applications/Cocos/Creator/3.8.2/CocosCreator.app/Contents/Resources/app.asar/modules/editor-extensions/extensions/assets/dist/components/tree-data.ccc:349:22)
    at /Applications/Cocos/Creator/3.8.2/CocosCreator.app/Contents/Resources/app.asar/modules/editor-extensions/extensions/assets/dist/components/tree-data.ccc:335:9
8-6-2024 23:50:37 - log: [Scene] meshopt wasm decoder initialized
8-6-2024 23:50:37 - log: [Scene] [box2d]:box2d wasm lib loaded.
8-6-2024 23:50:37 - log: [Scene] [bullet]:bullet wasm lib loaded.
8-6-2024 23:50:38 - log: [Scene] [PHYSICS]: using builtin.
8-6-2024 23:50:38 - log: [Scene] Cocos Creator v3.8.2
8-6-2024 23:50:38 - info: [Scene] Forward render pipeline initialized.
8-6-2024 23:50:38 - log: [Scene] [PHYSICS2D]: switch from box2d-wasm to box2d.
8-6-2024 23:51:24 - error: [Scene] Invalid frame index: 4Error: [Scene] Invalid frame index: 4
    at FrameSwitcher.set currentFrameIndex [as currentFrameIndex] (file:///Users/artemfedorov/Documents/dev/rpg-mini/RPG-mini/temp/programming/packer-driver/targets/editor/chunks/7a/file:/Users/artemfedorov/Documents/dev/rpg-mini/RPG-mini/assets/ui_prefabs/components/ImageSwitcher/ImageSwitcher.ts:23:21)
    at decodePatch (/Applications/Cocos/Creator/3.8.2/CocosCreator.app/Contents/Resources/app.asar/builtin/scene/dist/script/export/dump/decode.ccc:1:7180)
8-6-2024 23:51:24 - error: [Scene] Invalid frame index: 4Error: [Scene] Invalid frame index: 4
    at FrameSwitcher.set currentFrameIndex [as currentFrameIndex] (file:///Users/artemfedorov/Documents/dev/rpg-mini/RPG-mini/temp/programming/packer-driver/targets/editor/chunks/7a/file:/Users/artemfedorov/Documents/dev/rpg-mini/RPG-mini/assets/ui_prefabs/components/ImageSwitcher/ImageSwitcher.ts:23:21)
    at decodePatch (/Applications/Cocos/Creator/3.8.2/CocosCreator.app/Contents/Resources/app.asar/builtin/scene/dist/script/export/dump/decode.ccc:1:7180)
8-6-2024 23:51:25 - error: [Scene] Invalid frame index: 4Error: [Scene] Invalid frame index: 4
    at FrameSwitcher.set currentFrameIndex [as currentFrameIndex] (file:///Users/artemfedorov/Documents/dev/rpg-mini/RPG-mini/temp/programming/packer-driver/targets/editor/chunks/7a/file:/Users/artemfedorov/Documents/dev/rpg-mini/RPG-mini/assets/ui_prefabs/components/ImageSwitcher/ImageSwitcher.ts:23:21)
    at decodePatch (/Applications/Cocos/Creator/3.8.2/CocosCreator.app/Contents/Resources/app.asar/builtin/scene/dist/script/export/dump/decode.ccc:1:7180)
8-6-2024 23:51:25 - error: [Scene] Invalid frame index: 4Error: [Scene] Invalid frame index: 4
    at FrameSwitcher.set currentFrameIndex [as currentFrameIndex] (file:///Users/artemfedorov/Documents/dev/rpg-mini/RPG-mini/temp/programming/packer-driver/targets/editor/chunks/7a/file:/Users/artemfedorov/Documents/dev/rpg-mini/RPG-mini/assets/ui_prefabs/components/ImageSwitcher/ImageSwitcher.ts:23:21)
    at decodePatch (/Applications/Cocos/Creator/3.8.2/CocosCreator.app/Contents/Resources/app.asar/builtin/scene/dist/script/export/dump/decode.ccc:1:7180)
8-6-2024 23:51:30 - error: [Scene] Invalid frame index: 4Error: [Scene] Invalid frame index: 4
    at FrameSwitcher.set currentFrameIndex [as currentFrameIndex] (file:///Users/artemfedorov/Documents/dev/rpg-mini/RPG-mini/temp/programming/packer-driver/targets/editor/chunks/7a/file:/Users/artemfedorov/Documents/dev/rpg-mini/RPG-mini/assets/ui_prefabs/components/ImageSwitcher/ImageSwitcher.ts:23:21)
    at decodePatch (/Applications/Cocos/Creator/3.8.2/CocosCreator.app/Contents/Resources/app.asar/builtin/scene/dist/script/export/dump/decode.ccc:1:7180)
8-6-2024 23:51:30 - error: [Scene] Invalid frame index: 4Error: [Scene] Invalid frame index: 4
    at FrameSwitcher.set currentFrameIndex [as currentFrameIndex] (file:///Users/artemfedorov/Documents/dev/rpg-mini/RPG-mini/temp/programming/packer-driver/targets/editor/chunks/7a/file:/Users/artemfedorov/Documents/dev/rpg-mini/RPG-mini/assets/ui_prefabs/components/ImageSwitcher/ImageSwitcher.ts:23:21)
    at decodePatch (/Applications/Cocos/Creator/3.8.2/CocosCreator.app/Contents/Resources/app.asar/builtin/scene/dist/script/export/dump/decode.ccc:1:7180)
8-7-2024 00:00:20 - error: [Scene] component already addedError: [Scene] component already added
    at error (/Applications/Cocos/Creator/3.8.2/CocosCreator.app/Contents/Resources/resources/3d/engine/bin/.cache/dev/editor/bundled/index.js:160743:12)
    at ReusableInvoker.add (/Applications/Cocos/Creator/3.8.2/CocosCreator.app/Contents/Resources/resources/3d/engine/bin/.cache/dev/editor/bundled/index.js:46349:15)
    at ComponentScheduler._scheduleImmediate (/Applications/Cocos/Creator/3.8.2/CocosCreator.app/Contents/Resources/resources/3d/engine/bin/.cache/dev/editor/bundled/index.js:46618:32)
    at ComponentScheduler._onEnabled (/Applications/Cocos/Creator/3.8.2/CocosCreator.app/Contents/Resources/resources/3d/engine/bin/.cache/dev/editor/bundled/index.js:46483:18)
    at OneOffInvoker.eval [as _invoke] (/Applications/Cocos/Creator/3.8.2/CocosCreator.app/Contents/Resources/resources/3d/engine/bin/.cache/dev/editor/bundled/index.js:46411:29)
    at OneOffInvoker.invoke (/Applications/Cocos/Creator/3.8.2/CocosCreator.app/Contents/Resources/resources/3d/engine/bin/.cache/dev/editor/bundled/index.js:46333:18)
    at NodeActivator.activateNode (/Applications/Cocos/Creator/3.8.2/CocosCreator.app/Contents/Resources/resources/3d/engine/bin/.cache/dev/editor/bundled/index.js:48341:29)
8-7-2024 00:02:13 - error: [Scene] component already addedError: [Scene] component already added
    at error (/Applications/Cocos/Creator/3.8.2/CocosCreator.app/Contents/Resources/resources/3d/engine/bin/.cache/dev/editor/bundled/index.js:160743:12)
    at ReusableInvoker.add (/Applications/Cocos/Creator/3.8.2/CocosCreator.app/Contents/Resources/resources/3d/engine/bin/.cache/dev/editor/bundled/index.js:46349:15)
    at ComponentScheduler._scheduleImmediate (/Applications/Cocos/Creator/3.8.2/CocosCreator.app/Contents/Resources/resources/3d/engine/bin/.cache/dev/editor/bundled/index.js:46618:32)
    at ComponentScheduler._onEnabled (/Applications/Cocos/Creator/3.8.2/CocosCreator.app/Contents/Resources/resources/3d/engine/bin/.cache/dev/editor/bundled/index.js:46483:18)
    at OneOffInvoker.eval [as _invoke] (/Applications/Cocos/Creator/3.8.2/CocosCreator.app/Contents/Resources/resources/3d/engine/bin/.cache/dev/editor/bundled/index.js:46411:29)
    at OneOffInvoker.invoke (/Applications/Cocos/Creator/3.8.2/CocosCreator.app/Contents/Resources/resources/3d/engine/bin/.cache/dev/editor/bundled/index.js:46333:18)
    at NodeActivator.activateNode (/Applications/Cocos/Creator/3.8.2/CocosCreator.app/Contents/Resources/resources/3d/engine/bin/.cache/dev/editor/bundled/index.js:48341:29)
8-7-2024 10:58:58 - log: [Scene] meshopt wasm decoder initialized
8-7-2024 10:58:58 - log: [Scene] [box2d]:box2d wasm lib loaded.
8-7-2024 10:58:59 - log: [Scene] [bullet]:bullet wasm lib loaded.
8-7-2024 10:58:59 - log: [Scene] [PHYSICS]: using builtin.
8-7-2024 10:58:59 - log: [Scene] Cocos Creator v3.8.2
8-7-2024 10:58:59 - info: [Scene] Forward render pipeline initialized.
8-7-2024 10:58:59 - log: [Scene] [PHYSICS2D]: switch from box2d-wasm to box2d.
8-7-2024 11:26:41 - error: [Scene] Invalid frame index: 4Error: [Scene] Invalid frame index: 4
    at FrameSwitcher.set currentFrameIndex [as currentFrameIndex] (file:///Users/artemfedorov/Documents/dev/rpg-mini/RPG-mini/temp/programming/packer-driver/targets/editor/chunks/7a/file:/Users/artemfedorov/Documents/dev/rpg-mini/RPG-mini/assets/ui_prefabs/components/ImageSwitcher/ImageSwitcher.ts:23:21)
    at decodePatch (/Applications/Cocos/Creator/3.8.2/CocosCreator.app/Contents/Resources/app.asar/builtin/scene/dist/script/export/dump/decode.ccc:1:7180)
8-7-2024 11:26:41 - error: [Scene] Invalid frame index: 4Error: [Scene] Invalid frame index: 4
    at FrameSwitcher.set currentFrameIndex [as currentFrameIndex] (file:///Users/artemfedorov/Documents/dev/rpg-mini/RPG-mini/temp/programming/packer-driver/targets/editor/chunks/7a/file:/Users/artemfedorov/Documents/dev/rpg-mini/RPG-mini/assets/ui_prefabs/components/ImageSwitcher/ImageSwitcher.ts:23:21)
    at decodePatch (/Applications/Cocos/Creator/3.8.2/CocosCreator.app/Contents/Resources/app.asar/builtin/scene/dist/script/export/dump/decode.ccc:1:7180)
8-7-2024 11:26:43 - error: [Scene] Invalid frame index: 4Error: [Scene] Invalid frame index: 4
    at FrameSwitcher.set currentFrameIndex [as currentFrameIndex] (file:///Users/artemfedorov/Documents/dev/rpg-mini/RPG-mini/temp/programming/packer-driver/targets/editor/chunks/7a/file:/Users/artemfedorov/Documents/dev/rpg-mini/RPG-mini/assets/ui_prefabs/components/ImageSwitcher/ImageSwitcher.ts:23:21)
    at decodePatch (/Applications/Cocos/Creator/3.8.2/CocosCreator.app/Contents/Resources/app.asar/builtin/scene/dist/script/export/dump/decode.ccc:1:7180)
8-7-2024 11:26:43 - error: [Scene] Invalid frame index: 4Error: [Scene] Invalid frame index: 4
    at FrameSwitcher.set currentFrameIndex [as currentFrameIndex] (file:///Users/artemfedorov/Documents/dev/rpg-mini/RPG-mini/temp/programming/packer-driver/targets/editor/chunks/7a/file:/Users/artemfedorov/Documents/dev/rpg-mini/RPG-mini/assets/ui_prefabs/components/ImageSwitcher/ImageSwitcher.ts:23:21)
    at decodePatch (/Applications/Cocos/Creator/3.8.2/CocosCreator.app/Contents/Resources/app.asar/builtin/scene/dist/script/export/dump/decode.ccc:1:7180)
8-7-2024 11:26:51 - error: [Scene] Invalid frame index: 4Error: [Scene] Invalid frame index: 4
    at FrameSwitcher.set currentFrameIndex [as currentFrameIndex] (file:///Users/artemfedorov/Documents/dev/rpg-mini/RPG-mini/temp/programming/packer-driver/targets/editor/chunks/7a/file:/Users/artemfedorov/Documents/dev/rpg-mini/RPG-mini/assets/ui_prefabs/components/ImageSwitcher/ImageSwitcher.ts:23:21)
    at decodePatch (/Applications/Cocos/Creator/3.8.2/CocosCreator.app/Contents/Resources/app.asar/builtin/scene/dist/script/export/dump/decode.ccc:1:7180)
8-7-2024 11:26:51 - error: [Scene] Invalid frame index: 4Error: [Scene] Invalid frame index: 4
    at FrameSwitcher.set currentFrameIndex [as currentFrameIndex] (file:///Users/artemfedorov/Documents/dev/rpg-mini/RPG-mini/temp/programming/packer-driver/targets/editor/chunks/7a/file:/Users/artemfedorov/Documents/dev/rpg-mini/RPG-mini/assets/ui_prefabs/components/ImageSwitcher/ImageSwitcher.ts:23:21)
    at decodePatch (/Applications/Cocos/Creator/3.8.2/CocosCreator.app/Contents/Resources/app.asar/builtin/scene/dist/script/export/dump/decode.ccc:1:7180)
8-7-2024 11:38:12 - error: [Programming] {hidden(::PackerDriver::)} Could not resolve entry file:///Users/artemfedorov/Documents/dev/rpg-mini/RPG-mini/assets/ui_prefabs/components/ImageSwitcher/ImageSwitcher.ts[Programming] {hidden(::PackerDriver::)} Could not resolve entry file:///Users/artemfedorov/Documents/dev/rpg-mini/RPG-mini/assets/ui_prefabs/components/ImageSwitcher/ImageSwitcher.ts  
at PackerDriverLogger.error (/Applications/Cocos/Creator/3.8.2/CocosCreator.app/Contents/Resources/app.asar/builtin/programming/dist/packer-driver/logger.ccc:1:1103)  
at QuickPack._resolveEntry (/Applications/Cocos/Creator/3.8.2/CocosCreator.app/Contents/Resources/app.asar/node_modules/@cocos/creator-programming-quick-pack/lib/quick-pack.js:116:26)  
at async QuickPack.build (/Applications/Cocos/Creator/3.8.2/CocosCreator.app/Contents/Resources/app.asar/node_modules/@cocos/creator-programming-quick-pack/lib/quick-pack.js:52:25)  
at async PackTarget.build (/Applications/Cocos/Creator/3.8.2/CocosCreator.app/Contents/Resources/app.asar/builtin/programming/dist/packer-driver/packer-driver.ccc:1:14793)  
at async PackerDriver._startBuildIteration (/Applications/Cocos/Creator/3.8.2/CocosCreator.app/Contents/Resources/app.asar/builtin/programming/dist/packer-driver/packer-driver.ccc:1:9677)  
at async AsyncIterationConcurrency1._iterate (/Applications/Cocos/Creator/3.8.2/CocosCreator.app/Contents/Resources/app.asar/builtin/programming/dist/packer-driver/packer-driver.ccc:1:7809)
8-7-2024 11:38:12 - error: [Assets] /Users/artemfedorov/Documents/dev/rpg-mini/RPG-mini/assets/Scripts.meta is not exist! will use cache meta.[Assets] /Users/artemfedorov/Documents/dev/rpg-mini/RPG-mini/assets/Scripts.meta is not exist! will use cache meta.  
at Object.error (/Applications/Cocos/Creator/3.8.2/CocosCreator.app/Contents/Resources/app.asar/builtin/asset-db/dist/worker/console.ccc:1:1429)  
at AssetDB._checkAssetStat (/Applications/Cocos/Creator/3.8.2/CocosCreator.app/Contents/Resources/app.asar/node_modules/@editor/asset-db/libs/asset-db.ccc:732:21)  
at AssetDB.refresh (/Applications/Cocos/Creator/3.8.2/CocosCreator.app/Contents/Resources/app.asar/node_modules/@editor/asset-db/libs/asset-db.ccc:527:41)  
at runMicrotasks (<anonymous>)  
at runNextTicks (internal/process/task_queues.js:58:5)  
at processImmediate (internal/timers.js:434:9)
8-7-2024 11:38:12 - error: [Assets] /Users/artemfedorov/Documents/dev/rpg-mini/RPG-mini/assets/Scripts/customComponents.meta is not exist! will use cache meta.[Assets] /Users/artemfedorov/Documents/dev/rpg-mini/RPG-mini/assets/Scripts/customComponents.meta is not exist! will use cache meta.  
at Object.error (/Applications/Cocos/Creator/3.8.2/CocosCreator.app/Contents/Resources/app.asar/builtin/asset-db/dist/worker/console.ccc:1:1429)  
at AssetDB._checkAssetStat (/Applications/Cocos/Creator/3.8.2/CocosCreator.app/Contents/Resources/app.asar/node_modules/@editor/asset-db/libs/asset-db.ccc:732:21)  
at AssetDB.refresh (/Applications/Cocos/Creator/3.8.2/CocosCreator.app/Contents/Resources/app.asar/node_modules/@editor/asset-db/libs/asset-db.ccc:527:41)  
at runMicrotasks (<anonymous>)  
at runNextTicks (internal/process/task_queues.js:58:5)  
at processImmediate (internal/timers.js:434:9)
8-7-2024 11:38:12 - error: [Programming] {hidden(::PackerDriver::)} Could not resolve entry file:///Users/artemfedorov/Documents/dev/rpg-mini/RPG-mini/assets/ui_prefabs/components/ImageSwitcher/ImageSwitcher.ts[Programming] {hidden(::PackerDriver::)} Could not resolve entry file:///Users/artemfedorov/Documents/dev/rpg-mini/RPG-mini/assets/ui_prefabs/components/ImageSwitcher/ImageSwitcher.ts  
at PackerDriverLogger.error (/Applications/Cocos/Creator/3.8.2/CocosCreator.app/Contents/Resources/app.asar/builtin/programming/dist/packer-driver/logger.ccc:1:1103)  
at QuickPack._resolveEntry (/Applications/Cocos/Creator/3.8.2/CocosCreator.app/Contents/Resources/app.asar/node_modules/@cocos/creator-programming-quick-pack/lib/quick-pack.js:116:26)  
at async QuickPack.build (/Applications/Cocos/Creator/3.8.2/CocosCreator.app/Contents/Resources/app.asar/node_modules/@cocos/creator-programming-quick-pack/lib/quick-pack.js:52:25)  
at async PackTarget.build (/Applications/Cocos/Creator/3.8.2/CocosCreator.app/Contents/Resources/app.asar/builtin/programming/dist/packer-driver/packer-driver.ccc:1:14793)  
at async PackerDriver._startBuildIteration (/Applications/Cocos/Creator/3.8.2/CocosCreator.app/Contents/Resources/app.asar/builtin/programming/dist/packer-driver/packer-driver.ccc:1:9677)  
at async AsyncIterationConcurrency1._iterate (/Applications/Cocos/Creator/3.8.2/CocosCreator.app/Contents/Resources/app.asar/builtin/programming/dist/packer-driver/packer-driver.ccc:1:7809)
8-7-2024 11:38:12 - warn: [Scene] Missing class: 79240dvVKdARZ+gU5iBeIKKError: [Scene] Missing class: 79240dvVKdARZ+gU5iBeIKK
    at Object.classFinder (/Applications/Cocos/Creator/3.8.2/CocosCreator.app/Contents/Resources/app.asar/builtin/engine/dist/editor-extends/missing-reporter/missing-class-reporter.ccc:1:2381)
    at _Deserializer.classFinder [as _classFinder] (/Applications/Cocos/Creator/3.8.2/CocosCreator.app/Contents/Resources/resources/3d/engine/bin/.cache/dev/editor/bundled/index.js:104373:34)
    at _Deserializer._deserializeTypeTaggedObject (/Applications/Cocos/Creator/3.8.2/CocosCreator.app/Contents/Resources/resources/3d/engine/bin/.cache/dev/editor/bundled/index.js:60162:30)
    at _Deserializer._deserializeObject (/Applications/Cocos/Creator/3.8.2/CocosCreator.app/Contents/Resources/resources/3d/engine/bin/.cache/dev/editor/bundled/index.js:60116:29)
    at _Deserializer._deserializeAndAssignField (/Applications/Cocos/Creator/3.8.2/CocosCreator.app/Contents/Resources/resources/3d/engine/bin/.cache/dev/editor/bundled/index.js:60283:38)
    at _Deserializer._deserializeArray (/Applications/Cocos/Creator/3.8.2/CocosCreator.app/Contents/Resources/resources/3d/engine/bin/.cache/dev/editor/bundled/index.js:60144:40)
    at _Deserializer._deserializeObject (/Applications/Cocos/Creator/3.8.2/CocosCreator.app/Contents/Resources/resources/3d/engine/bin/.cache/dev/editor/bundled/index.js:60122:29)
8-7-2024 11:38:12 - error: [Scene] Script "79240dvVKdARZ+gU5iBeIKK" attached to "Canvas" is missing or invalid. Detailed information:
Node path: "Canvas"
Script file: "/Users/artemfedorov/Documents/dev/rpg-mini/RPG-mini/assets/Scripts/scenes/MainMenuScene.ts"
Script deleted time: "07/08/2024, 11:38:12"
Script UUID: "7924076f-54a7-4045-9fa0-53988178828a"
Class ID: "79240dvVKdARZ+gU5iBeIKK"
Error: [Scene] Script "79240dvVKdARZ+gU5iBeIKK" attached to "Canvas" is missing or invalid. Detailed information:
Node path: "Canvas"
Script file: "/Users/artemfedorov/Documents/dev/rpg-mini/RPG-mini/assets/Scripts/scenes/MainMenuScene.ts"
Script deleted time: "07/08/2024, 11:38:12"
Script UUID: "7924076f-54a7-4045-9fa0-53988178828a"
Class ID: "79240dvVKdARZ+gU5iBeIKK"

    at report (/Applications/Cocos/Creator/3.8.2/CocosCreator.app/Contents/Resources/app.asar/builtin/engine/dist/editor-extends/missing-reporter/missing-class-reporter.ccc:1:1393)
    at reportByWalker (/Applications/Cocos/Creator/3.8.2/CocosCreator.app/Contents/Resources/app.asar/builtin/engine/dist/editor-extends/missing-reporter/missing-class-reporter.ccc:1:1606)
8-7-2024 11:38:12 - warn: [Scene] Missing class: 79240dvVKdARZ+gU5iBeIKKError: [Scene] Missing class: 79240dvVKdARZ+gU5iBeIKK
    at Object.classFinder (/Applications/Cocos/Creator/3.8.2/CocosCreator.app/Contents/Resources/app.asar/builtin/engine/dist/editor-extends/missing-reporter/missing-class-reporter.ccc:1:2381)
    at _Deserializer.classFinder [as _classFinder] (/Applications/Cocos/Creator/3.8.2/CocosCreator.app/Contents/Resources/resources/3d/engine/bin/.cache/dev/editor/bundled/index.js:104373:34)
    at _Deserializer._deserializeTypeTaggedObject (/Applications/Cocos/Creator/3.8.2/CocosCreator.app/Contents/Resources/resources/3d/engine/bin/.cache/dev/editor/bundled/index.js:60162:30)
    at _Deserializer._deserializeObject (/Applications/Cocos/Creator/3.8.2/CocosCreator.app/Contents/Resources/resources/3d/engine/bin/.cache/dev/editor/bundled/index.js:60116:29)
    at _Deserializer._deserializeAndAssignField (/Applications/Cocos/Creator/3.8.2/CocosCreator.app/Contents/Resources/resources/3d/engine/bin/.cache/dev/editor/bundled/index.js:60283:38)
    at _Deserializer._deserializeArray (/Applications/Cocos/Creator/3.8.2/CocosCreator.app/Contents/Resources/resources/3d/engine/bin/.cache/dev/editor/bundled/index.js:60144:40)
    at _Deserializer._deserializeObject (/Applications/Cocos/Creator/3.8.2/CocosCreator.app/Contents/Resources/resources/3d/engine/bin/.cache/dev/editor/bundled/index.js:60122:29)
8-7-2024 11:38:13 - error: [Scene] Script "79240dvVKdARZ+gU5iBeIKK" attached to "Canvas" is missing or invalid. Detailed information:
Node path: "Canvas"
Script file: "/Users/artemfedorov/Documents/dev/rpg-mini/RPG-mini/assets/Scripts/scenes/MainMenuScene.ts"
Script deleted time: "07/08/2024, 11:38:12"
Script UUID: "7924076f-54a7-4045-9fa0-53988178828a"
Class ID: "79240dvVKdARZ+gU5iBeIKK"
Error: [Scene] Script "79240dvVKdARZ+gU5iBeIKK" attached to "Canvas" is missing or invalid. Detailed information:
Node path: "Canvas"
Script file: "/Users/artemfedorov/Documents/dev/rpg-mini/RPG-mini/assets/Scripts/scenes/MainMenuScene.ts"
Script deleted time: "07/08/2024, 11:38:12"
Script UUID: "7924076f-54a7-4045-9fa0-53988178828a"
Class ID: "79240dvVKdARZ+gU5iBeIKK"

    at report (/Applications/Cocos/Creator/3.8.2/CocosCreator.app/Contents/Resources/app.asar/builtin/engine/dist/editor-extends/missing-reporter/missing-class-reporter.ccc:1:1393)
    at reportByWalker (/Applications/Cocos/Creator/3.8.2/CocosCreator.app/Contents/Resources/app.asar/builtin/engine/dist/editor-extends/missing-reporter/missing-class-reporter.ccc:1:1606)
8-7-2024 11:38:13 - warn: [Scene] Missing class: 79240dvVKdARZ+gU5iBeIKKError: [Scene] Missing class: 79240dvVKdARZ+gU5iBeIKK
    at Object.classFinder (/Applications/Cocos/Creator/3.8.2/CocosCreator.app/Contents/Resources/app.asar/builtin/engine/dist/editor-extends/missing-reporter/missing-class-reporter.ccc:1:2381)
    at _Deserializer.classFinder [as _classFinder] (/Applications/Cocos/Creator/3.8.2/CocosCreator.app/Contents/Resources/resources/3d/engine/bin/.cache/dev/editor/bundled/index.js:104373:34)
    at _Deserializer._deserializeTypeTaggedObject (/Applications/Cocos/Creator/3.8.2/CocosCreator.app/Contents/Resources/resources/3d/engine/bin/.cache/dev/editor/bundled/index.js:60162:30)
    at _Deserializer._deserializeObject (/Applications/Cocos/Creator/3.8.2/CocosCreator.app/Contents/Resources/resources/3d/engine/bin/.cache/dev/editor/bundled/index.js:60116:29)
    at _Deserializer._deserializeAndAssignField (/Applications/Cocos/Creator/3.8.2/CocosCreator.app/Contents/Resources/resources/3d/engine/bin/.cache/dev/editor/bundled/index.js:60283:38)
    at _Deserializer._deserializeArray (/Applications/Cocos/Creator/3.8.2/CocosCreator.app/Contents/Resources/resources/3d/engine/bin/.cache/dev/editor/bundled/index.js:60144:40)
    at _Deserializer._deserializeObject (/Applications/Cocos/Creator/3.8.2/CocosCreator.app/Contents/Resources/resources/3d/engine/bin/.cache/dev/editor/bundled/index.js:60122:29)
8-7-2024 11:38:13 - error: [Scene] Script "79240dvVKdARZ+gU5iBeIKK" attached to "Canvas" is missing or invalid. Detailed information:
Node path: "Canvas"
Script file: "/Users/artemfedorov/Documents/dev/rpg-mini/RPG-mini/assets/Scripts/scenes/MainMenuScene.ts"
Script deleted time: "07/08/2024, 11:38:12"
Script UUID: "7924076f-54a7-4045-9fa0-53988178828a"
Class ID: "79240dvVKdARZ+gU5iBeIKK"
Error: [Scene] Script "79240dvVKdARZ+gU5iBeIKK" attached to "Canvas" is missing or invalid. Detailed information:
Node path: "Canvas"
Script file: "/Users/artemfedorov/Documents/dev/rpg-mini/RPG-mini/assets/Scripts/scenes/MainMenuScene.ts"
Script deleted time: "07/08/2024, 11:38:12"
Script UUID: "7924076f-54a7-4045-9fa0-53988178828a"
Class ID: "79240dvVKdARZ+gU5iBeIKK"

    at report (/Applications/Cocos/Creator/3.8.2/CocosCreator.app/Contents/Resources/app.asar/builtin/engine/dist/editor-extends/missing-reporter/missing-class-reporter.ccc:1:1393)
    at reportByWalker (/Applications/Cocos/Creator/3.8.2/CocosCreator.app/Contents/Resources/app.asar/builtin/engine/dist/editor-extends/missing-reporter/missing-class-reporter.ccc:1:1606)
